::1 - - [18/Nov/2025:19:43:16 +0000] "GET /api/posts HTTP/1.1" 200 353 "-" "PostmanRuntime/7.49.1"
::1 - - [18/Nov/2025:19:44:19 +0000] "GET /api/posts/1 HTTP/1.1" 404 45 "-" "PostmanRuntime/7.49.1"
::1 - - [18/Nov/2025:19:52:02 +0000] "GET /api/posts/1 HTTP/1.1" 404 45 "-" "PostmanRuntime/7.49.1"
::1 - - [18/Nov/2025:19:53:43 +0000] "POST /api/posts HTTP/1.1" 401 38 "-" "PostmanRuntime/7.49.1"
::1 - - [18/Nov/2025:19:57:46 +0000] "POST /api/auth/login HTTP/1.1" 200 472 "-" "PostmanRuntime/7.49.1"
::1 - - [18/Nov/2025:19:59:14 +0000] "POST /api/posts HTTP/1.1" 400 37 "-" "PostmanRuntime/7.49.1"
::1 - - [18/Nov/2025:19:59:30 +0000] "POST /api/posts HTTP/1.1" 201 266 "-" "PostmanRuntime/7.49.1"
::1 - - [18/Nov/2025:20:00:26 +0000] "PUT /api/posts/1 HTTP/1.1" 403 27 "-" "PostmanRuntime/7.49.1"
::1 - - [18/Nov/2025:20:00:44 +0000] "PUT /api/posts/1 HTTP/1.1" 403 27 "-" "PostmanRuntime/7.49.1"
::1 - - [18/Nov/2025:20:01:03 +0000] "DELETE /api/posts/1 HTTP/1.1" 403 27 "-" "PostmanRuntime/7.49.1"
::1 - - [18/Nov/2025:20:08:15 +0000] "DELETE /api/posts/1 HTTP/1.1" 403 27 "-" "PostmanRuntime/7.49.1"
::1 - - [18/Nov/2025:20:09:24 +0000] "GET /api/posts HTTP/1.1" 200 649 "-" "PostmanRuntime/7.49.1"
::1 - - [18/Nov/2025:20:10:27 +0000] "GET /api/posts/1 HTTP/1.1" 404 45 "-" "PostmanRuntime/7.49.1"
::1 - - [18/Nov/2025:20:11:17 +0000] "PUT /api/posts HTTP/1.1" 404 45 "-" "PostmanRuntime/7.49.1"
::1 - - [18/Nov/2025:20:11:51 +0000] "PUT /api/posts HTTP/1.1" 404 45 "-" "PostmanRuntime/7.49.1"
::1 - - [18/Nov/2025:20:12:19 +0000] "POST /api/posts HTTP/1.1" 403 27 "-" "PostmanRuntime/7.49.1"
::1 - - [18/Nov/2025:20:13:14 +0000] "PUT /api/posts/1 HTTP/1.1" 403 27 "-" "PostmanRuntime/7.49.1"
::1 - - [18/Nov/2025:20:16:03 +0000] "GET /api/posts HTTP/1.1" 200 648 "-" "PostmanRuntime/7.49.1"
::1 - - [18/Nov/2025:20:16:46 +0000] "POST /api/posts HTTP/1.1" 403 27 "-" "PostmanRuntime/7.49.1"
::1 - - [18/Nov/2025:20:19:03 +0000] "POST /api/auth/login HTTP/1.1" 200 472 "-" "PostmanRuntime/7.49.1"
::1 - - [18/Nov/2025:20:20:09 +0000] "POST /api/posts HTTP/1.1" 201 229 "-" "PostmanRuntime/7.49.1"
::1 - - [18/Nov/2025:20:21:23 +0000] "POST /api/posts HTTP/1.1" 201 229 "-" "PostmanRuntime/7.49.1"
::1 - - [18/Nov/2025:20:25:18 +0000] "POST /api/posts HTTP/1.1" 201 229 "-" "PostmanRuntime/7.49.1"
::1 - - [18/Nov/2025:20:27:17 +0000] "POST /api/posts HTTP/1.1" 201 229 "-" "PostmanRuntime/7.49.1"
::1 - - [18/Nov/2025:20:28:51 +0000] "GET /api/posts HTTP/1.1" 500 42 "-" "PostmanRuntime/7.49.1"
::1 - - [18/Nov/2025:20:29:41 +0000] "GET /api/posts HTTP/1.1" 500 26 "-" "PostmanRuntime/7.49.1"
